[0.154s] DEBUG:colcon:Command line arguments: ['/usr/bin/colcon', 'build']
[0.155s] DEBUG:colcon:Parsed command line arguments: Namespace(log_base=None, log_level=None, verb_name='build', build_base='build', install_base='install', merge_install=False, symlink_install=False, test_result_base=None, continue_on_error=False, executor='parallel', parallel_workers=4, event_handlers=None, ignore_user_meta=False, metas=['./colcon.meta'], base_paths=['.'], packages_ignore=None, packages_ignore_regex=None, paths=None, packages_up_to=None, packages_up_to_regex=None, packages_above=None, packages_above_and_dependencies=None, packages_above_depth=None, packages_select_by_dep=None, packages_skip_by_dep=None, packages_skip_up_to=None, packages_select_build_failed=False, packages_skip_build_finished=False, packages_select_test_failures=False, packages_skip_test_passed=False, packages_select=None, packages_skip=None, packages_select_regex=None, packages_skip_regex=None, packages_start=None, packages_end=None, allow_overriding=[], cmake_args=None, cmake_target=None, cmake_target_skip_unavailable=False, cmake_clean_cache=False, cmake_clean_first=False, cmake_force_configure=False, ament_cmake_args=None, catkin_cmake_args=None, catkin_skip_building_tests=False, mixin_files=None, mixin=None, verb_parser=<colcon_mixin.mixin.mixin_argument.MixinArgumentDecorator object at 0x7f40462529b0>, verb_extension=<colcon_core.verb.build.BuildVerb object at 0x7f404634f970>, main=<bound method BuildVerb.main of <colcon_core.verb.build.BuildVerb object at 0x7f404634f970>>, mixin_verb=('build',))
[0.385s] Level 1:colcon.colcon_core.package_discovery:discover_packages(colcon_meta) check parameters
[0.385s] Level 1:colcon.colcon_core.package_discovery:discover_packages(recursive) check parameters
[0.385s] Level 1:colcon.colcon_core.package_discovery:discover_packages(ignore) check parameters
[0.385s] Level 1:colcon.colcon_core.package_discovery:discover_packages(path) check parameters
[0.385s] Level 1:colcon.colcon_core.package_discovery:discover_packages(colcon_meta) discover
[0.385s] Level 1:colcon.colcon_core.package_discovery:discover_packages(recursive) discover
[0.385s] INFO:colcon.colcon_core.package_discovery:Crawling recursively for packages in '/home/jayanth/ros21_ws'
[0.385s] Level 1:colcon.colcon_core.package_identification:_identify(.) by extensions ['ignore', 'ignore_ament_install']
[0.385s] Level 1:colcon.colcon_core.package_identification:_identify(.) by extension 'ignore'
[0.385s] Level 1:colcon.colcon_core.package_identification:_identify(.) by extension 'ignore_ament_install'
[0.385s] Level 1:colcon.colcon_core.package_identification:_identify(.) by extensions ['colcon_pkg']
[0.385s] Level 1:colcon.colcon_core.package_identification:_identify(.) by extension 'colcon_pkg'
[0.385s] Level 1:colcon.colcon_core.package_identification:_identify(.) by extensions ['colcon_meta']
[0.385s] Level 1:colcon.colcon_core.package_identification:_identify(.) by extension 'colcon_meta'
[0.385s] Level 1:colcon.colcon_core.package_identification:_identify(.) by extensions ['ros']
[0.385s] Level 1:colcon.colcon_core.package_identification:_identify(.) by extension 'ros'
[0.401s] Level 1:colcon.colcon_core.package_identification:_identify(.) by extensions ['cmake', 'python']
[0.402s] Level 1:colcon.colcon_core.package_identification:_identify(.) by extension 'cmake'
[0.402s] Level 1:colcon.colcon_core.package_identification:_identify(.) by extension 'python'
[0.402s] Level 1:colcon.colcon_core.package_identification:_identify(.) by extensions ['python_setup_py']
[0.402s] Level 1:colcon.colcon_core.package_identification:_identify(.) by extension 'python_setup_py'
[0.402s] Level 1:colcon.colcon_core.package_identification:_identify(build) by extensions ['ignore', 'ignore_ament_install']
[0.402s] Level 1:colcon.colcon_core.package_identification:_identify(build) by extension 'ignore'
[0.402s] Level 1:colcon.colcon_core.package_identification:_identify(build) ignored
[0.402s] Level 1:colcon.colcon_core.package_identification:_identify(install) by extensions ['ignore', 'ignore_ament_install']
[0.402s] Level 1:colcon.colcon_core.package_identification:_identify(install) by extension 'ignore'
[0.402s] Level 1:colcon.colcon_core.package_identification:_identify(install) ignored
[0.402s] Level 1:colcon.colcon_core.package_identification:_identify(log) by extensions ['ignore', 'ignore_ament_install']
[0.402s] Level 1:colcon.colcon_core.package_identification:_identify(log) by extension 'ignore'
[0.403s] Level 1:colcon.colcon_core.package_identification:_identify(log) ignored
[0.403s] Level 1:colcon.colcon_core.package_identification:_identify(src) by extensions ['ignore', 'ignore_ament_install']
[0.403s] Level 1:colcon.colcon_core.package_identification:_identify(src) by extension 'ignore'
[0.403s] Level 1:colcon.colcon_core.package_identification:_identify(src) by extension 'ignore_ament_install'
[0.403s] Level 1:colcon.colcon_core.package_identification:_identify(src) by extensions ['colcon_pkg']
[0.403s] Level 1:colcon.colcon_core.package_identification:_identify(src) by extension 'colcon_pkg'
[0.403s] Level 1:colcon.colcon_core.package_identification:_identify(src) by extensions ['colcon_meta']
[0.403s] Level 1:colcon.colcon_core.package_identification:_identify(src) by extension 'colcon_meta'
[0.403s] Level 1:colcon.colcon_core.package_identification:_identify(src) by extensions ['ros']
[0.403s] Level 1:colcon.colcon_core.package_identification:_identify(src) by extension 'ros'
[0.403s] Level 1:colcon.colcon_core.package_identification:_identify(src) by extensions ['cmake', 'python']
[0.403s] Level 1:colcon.colcon_core.package_identification:_identify(src) by extension 'cmake'
[0.403s] Level 1:colcon.colcon_core.package_identification:_identify(src) by extension 'python'
[0.403s] Level 1:colcon.colcon_core.package_identification:_identify(src) by extensions ['python_setup_py']
[0.403s] Level 1:colcon.colcon_core.package_identification:_identify(src) by extension 'python_setup_py'
[0.403s] Level 1:colcon.colcon_core.package_identification:_identify(src/dummy_usb_cam) by extensions ['ignore', 'ignore_ament_install']
[0.403s] Level 1:colcon.colcon_core.package_identification:_identify(src/dummy_usb_cam) by extension 'ignore'
[0.403s] Level 1:colcon.colcon_core.package_identification:_identify(src/dummy_usb_cam) by extension 'ignore_ament_install'
[0.404s] Level 1:colcon.colcon_core.package_identification:_identify(src/dummy_usb_cam) by extensions ['colcon_pkg']
[0.404s] Level 1:colcon.colcon_core.package_identification:_identify(src/dummy_usb_cam) by extension 'colcon_pkg'
[0.404s] Level 1:colcon.colcon_core.package_identification:_identify(src/dummy_usb_cam) by extensions ['colcon_meta']
[0.404s] Level 1:colcon.colcon_core.package_identification:_identify(src/dummy_usb_cam) by extension 'colcon_meta'
[0.404s] Level 1:colcon.colcon_core.package_identification:_identify(src/dummy_usb_cam) by extensions ['ros']
[0.404s] Level 1:colcon.colcon_core.package_identification:_identify(src/dummy_usb_cam) by extension 'ros'
[0.421s] DEBUG:colcon.colcon_core.package_identification:Package 'src/dummy_usb_cam' with type 'ros.ament_python' and name 'dummy_usb_cam'
[0.421s] Level 1:colcon.colcon_core.package_identification:_identify(src/image_conversion) by extensions ['ignore', 'ignore_ament_install']
[0.421s] Level 1:colcon.colcon_core.package_identification:_identify(src/image_conversion) by extension 'ignore'
[0.422s] Level 1:colcon.colcon_core.package_identification:_identify(src/image_conversion) by extension 'ignore_ament_install'
[0.422s] Level 1:colcon.colcon_core.package_identification:_identify(src/image_conversion) by extensions ['colcon_pkg']
[0.422s] Level 1:colcon.colcon_core.package_identification:_identify(src/image_conversion) by extension 'colcon_pkg'
[0.422s] Level 1:colcon.colcon_core.package_identification:_identify(src/image_conversion) by extensions ['colcon_meta']
[0.422s] Level 1:colcon.colcon_core.package_identification:_identify(src/image_conversion) by extension 'colcon_meta'
[0.422s] Level 1:colcon.colcon_core.package_identification:_identify(src/image_conversion) by extensions ['ros']
[0.422s] Level 1:colcon.colcon_core.package_identification:_identify(src/image_conversion) by extension 'ros'
[0.424s] DEBUG:colcon.colcon_core.package_identification:Package 'src/image_conversion' with type 'ros.ament_python' and name 'image_conversion'
[0.424s] Level 1:colcon.colcon_core.package_discovery:discover_packages(recursive) using defaults
[0.424s] Level 1:colcon.colcon_core.package_discovery:discover_packages(ignore) discover
[0.424s] Level 1:colcon.colcon_core.package_discovery:discover_packages(ignore) using defaults
[0.425s] Level 1:colcon.colcon_core.package_discovery:discover_packages(path) discover
[0.425s] Level 1:colcon.colcon_core.package_discovery:discover_packages(path) using defaults
[0.450s] Level 1:colcon.colcon_core.package_discovery:discover_packages(prefix_path) check parameters
[0.450s] Level 1:colcon.colcon_core.package_discovery:discover_packages(prefix_path) discover
[0.454s] DEBUG:colcon.colcon_installed_package_information.package_discovery:Found 367 installed packages in /opt/ros/humble
[0.458s] Level 1:colcon.colcon_core.package_discovery:discover_packages(prefix_path) using defaults
[0.514s] Level 5:colcon.colcon_core.verb:set package 'dummy_usb_cam' build argument 'cmake_args' from command line to 'None'
[0.514s] Level 5:colcon.colcon_core.verb:set package 'dummy_usb_cam' build argument 'cmake_target' from command line to 'None'
[0.514s] Level 5:colcon.colcon_core.verb:set package 'dummy_usb_cam' build argument 'cmake_target_skip_unavailable' from command line to 'False'
[0.514s] Level 5:colcon.colcon_core.verb:set package 'dummy_usb_cam' build argument 'cmake_clean_cache' from command line to 'False'
[0.514s] Level 5:colcon.colcon_core.verb:set package 'dummy_usb_cam' build argument 'cmake_clean_first' from command line to 'False'
[0.514s] Level 5:colcon.colcon_core.verb:set package 'dummy_usb_cam' build argument 'cmake_force_configure' from command line to 'False'
[0.514s] Level 5:colcon.colcon_core.verb:set package 'dummy_usb_cam' build argument 'ament_cmake_args' from command line to 'None'
[0.514s] Level 5:colcon.colcon_core.verb:set package 'dummy_usb_cam' build argument 'catkin_cmake_args' from command line to 'None'
[0.514s] Level 5:colcon.colcon_core.verb:set package 'dummy_usb_cam' build argument 'catkin_skip_building_tests' from command line to 'False'
[0.514s] DEBUG:colcon.colcon_core.verb:Building package 'dummy_usb_cam' with the following arguments: {'ament_cmake_args': None, 'build_base': '/home/jayanth/ros21_ws/build/dummy_usb_cam', 'catkin_cmake_args': None, 'catkin_skip_building_tests': False, 'cmake_args': None, 'cmake_clean_cache': False, 'cmake_clean_first': False, 'cmake_force_configure': False, 'cmake_target': None, 'cmake_target_skip_unavailable': False, 'install_base': '/home/jayanth/ros21_ws/install/dummy_usb_cam', 'merge_install': False, 'path': '/home/jayanth/ros21_ws/src/dummy_usb_cam', 'symlink_install': False, 'test_result_base': None}
[0.515s] Level 5:colcon.colcon_core.verb:set package 'image_conversion' build argument 'cmake_args' from command line to 'None'
[0.515s] Level 5:colcon.colcon_core.verb:set package 'image_conversion' build argument 'cmake_target' from command line to 'None'
[0.515s] Level 5:colcon.colcon_core.verb:set package 'image_conversion' build argument 'cmake_target_skip_unavailable' from command line to 'False'
[0.515s] Level 5:colcon.colcon_core.verb:set package 'image_conversion' build argument 'cmake_clean_cache' from command line to 'False'
[0.515s] Level 5:colcon.colcon_core.verb:set package 'image_conversion' build argument 'cmake_clean_first' from command line to 'False'
[0.516s] Level 5:colcon.colcon_core.verb:set package 'image_conversion' build argument 'cmake_force_configure' from command line to 'False'
[0.516s] Level 5:colcon.colcon_core.verb:set package 'image_conversion' build argument 'ament_cmake_args' from command line to 'None'
[0.516s] Level 5:colcon.colcon_core.verb:set package 'image_conversion' build argument 'catkin_cmake_args' from command line to 'None'
[0.516s] Level 5:colcon.colcon_core.verb:set package 'image_conversion' build argument 'catkin_skip_building_tests' from command line to 'False'
[0.516s] DEBUG:colcon.colcon_core.verb:Building package 'image_conversion' with the following arguments: {'ament_cmake_args': None, 'build_base': '/home/jayanth/ros21_ws/build/image_conversion', 'catkin_cmake_args': None, 'catkin_skip_building_tests': False, 'cmake_args': None, 'cmake_clean_cache': False, 'cmake_clean_first': False, 'cmake_force_configure': False, 'cmake_target': None, 'cmake_target_skip_unavailable': False, 'install_base': '/home/jayanth/ros21_ws/install/image_conversion', 'merge_install': False, 'path': '/home/jayanth/ros21_ws/src/image_conversion', 'symlink_install': False, 'test_result_base': None}
[0.516s] INFO:colcon.colcon_core.executor:Executing jobs using 'parallel' executor
[0.518s] DEBUG:colcon.colcon_parallel_executor.executor.parallel:run_until_complete
[0.518s] INFO:colcon.colcon_ros.task.ament_python.build:Building ROS package in '/home/jayanth/ros21_ws/src/dummy_usb_cam' with build type 'ament_python'
[0.518s] Level 1:colcon.colcon_core.shell:create_environment_hook('dummy_usb_cam', 'ament_prefix_path')
[0.520s] INFO:colcon.colcon_core.plugin_system:Skipping extension 'colcon_core.shell.bat': Not used on non-Windows systems
[0.521s] INFO:colcon.colcon_core.shell:Creating environment hook '/home/jayanth/ros21_ws/install/dummy_usb_cam/share/dummy_usb_cam/hook/ament_prefix_path.ps1'
[0.522s] INFO:colcon.colcon_core.shell:Creating environment descriptor '/home/jayanth/ros21_ws/install/dummy_usb_cam/share/dummy_usb_cam/hook/ament_prefix_path.dsv'
[0.523s] INFO:colcon.colcon_core.shell:Creating environment hook '/home/jayanth/ros21_ws/install/dummy_usb_cam/share/dummy_usb_cam/hook/ament_prefix_path.sh'
[0.525s] INFO:colcon.colcon_core.shell:Skip shell extension 'powershell' for command environment: Not usable outside of PowerShell
[0.525s] DEBUG:colcon.colcon_core.shell:Skip shell extension 'dsv' for command environment
[0.530s] INFO:colcon.colcon_ros.task.ament_python.build:Building ROS package in '/home/jayanth/ros21_ws/src/image_conversion' with build type 'ament_python'
[0.530s] Level 1:colcon.colcon_core.shell:create_environment_hook('image_conversion', 'ament_prefix_path')
[0.531s] INFO:colcon.colcon_core.shell:Creating environment hook '/home/jayanth/ros21_ws/install/image_conversion/share/image_conversion/hook/ament_prefix_path.ps1'
[0.532s] INFO:colcon.colcon_core.shell:Creating environment descriptor '/home/jayanth/ros21_ws/install/image_conversion/share/image_conversion/hook/ament_prefix_path.dsv'
[0.532s] INFO:colcon.colcon_core.shell:Creating environment hook '/home/jayanth/ros21_ws/install/image_conversion/share/image_conversion/hook/ament_prefix_path.sh'
[0.533s] INFO:colcon.colcon_core.shell:Skip shell extension 'powershell' for command environment: Not usable outside of PowerShell
[0.533s] DEBUG:colcon.colcon_core.shell:Skip shell extension 'dsv' for command environment
[0.952s] INFO:colcon.colcon_core.task.python.build:Building Python package in '/home/jayanth/ros21_ws/src/dummy_usb_cam'
[0.952s] INFO:colcon.colcon_core.shell:Skip shell extension 'powershell' for command environment: Not usable outside of PowerShell
[0.952s] DEBUG:colcon.colcon_core.shell:Skip shell extension 'dsv' for command environment
[1.352s] INFO:colcon.colcon_core.task.python.build:Building Python package in '/home/jayanth/ros21_ws/src/image_conversion'
[1.352s] INFO:colcon.colcon_core.shell:Skip shell extension 'powershell' for command environment: Not usable outside of PowerShell
[1.352s] DEBUG:colcon.colcon_core.shell:Skip shell extension 'dsv' for command environment
[1.980s] DEBUG:colcon.colcon_core.event_handler.log_command:Invoking command in '/home/jayanth/ros21_ws/src/image_conversion': PYTHONPATH=/home/jayanth/ros21_ws/build/image_conversion/prefix_override:/usr/lib/python3/dist-packages/colcon_core/task/python/colcon_distutils_commands:/home/jayanth/ros21_ws/install/image_conversion/lib/python3.10/site-packages:${PYTHONPATH} /usr/bin/python3 -W ignore:setup.py install is deprecated -W ignore:easy_install command is deprecated setup.py egg_info --egg-base ../../build/image_conversion build --build-base /home/jayanth/ros21_ws/build/image_conversion/build install --record /home/jayanth/ros21_ws/build/image_conversion/install.log --single-version-externally-managed install_data
[2.011s] DEBUG:colcon.colcon_core.event_handler.log_command:Invoking command in '/home/jayanth/ros21_ws/src/dummy_usb_cam': PYTHONPATH=/home/jayanth/ros21_ws/build/dummy_usb_cam/prefix_override:/usr/lib/python3/dist-packages/colcon_core/task/python/colcon_distutils_commands:/home/jayanth/ros21_ws/install/dummy_usb_cam/lib/python3.10/site-packages:${PYTHONPATH} /usr/bin/python3 -W ignore:setup.py install is deprecated -W ignore:easy_install command is deprecated setup.py egg_info --egg-base ../../build/dummy_usb_cam build --build-base /home/jayanth/ros21_ws/build/dummy_usb_cam/build install --record /home/jayanth/ros21_ws/build/dummy_usb_cam/install.log --single-version-externally-managed install_data
[2.618s] DEBUG:colcon.colcon_core.event_handler.log_command:Invoked command in '/home/jayanth/ros21_ws/src/image_conversion' returned '0': PYTHONPATH=/home/jayanth/ros21_ws/build/image_conversion/prefix_override:/usr/lib/python3/dist-packages/colcon_core/task/python/colcon_distutils_commands:/home/jayanth/ros21_ws/install/image_conversion/lib/python3.10/site-packages:${PYTHONPATH} /usr/bin/python3 -W ignore:setup.py install is deprecated -W ignore:easy_install command is deprecated setup.py egg_info --egg-base ../../build/image_conversion build --build-base /home/jayanth/ros21_ws/build/image_conversion/build install --record /home/jayanth/ros21_ws/build/image_conversion/install.log --single-version-externally-managed install_data
[2.622s] Level 1:colcon.colcon_core.environment:checking '/home/jayanth/ros21_ws/install/image_conversion' for CMake module files
[2.624s] Level 1:colcon.colcon_core.environment:checking '/home/jayanth/ros21_ws/install/image_conversion' for CMake config files
[2.626s] Level 1:colcon.colcon_core.environment:checking '/home/jayanth/ros21_ws/install/image_conversion/lib'
[2.628s] Level 1:colcon.colcon_core.environment:checking '/home/jayanth/ros21_ws/install/image_conversion/bin'
[2.628s] Level 1:colcon.colcon_core.environment:checking '/home/jayanth/ros21_ws/install/image_conversion/lib/pkgconfig/image_conversion.pc'
[2.628s] Level 1:colcon.colcon_core.environment:checking '/home/jayanth/ros21_ws/install/image_conversion/lib/python3.10/site-packages'
[2.629s] Level 1:colcon.colcon_core.shell:create_environment_hook('image_conversion', 'pythonpath')
[2.630s] INFO:colcon.colcon_core.shell:Creating environment hook '/home/jayanth/ros21_ws/install/image_conversion/share/image_conversion/hook/pythonpath.ps1'
[2.632s] INFO:colcon.colcon_core.shell:Creating environment descriptor '/home/jayanth/ros21_ws/install/image_conversion/share/image_conversion/hook/pythonpath.dsv'
[2.633s] INFO:colcon.colcon_core.shell:Creating environment hook '/home/jayanth/ros21_ws/install/image_conversion/share/image_conversion/hook/pythonpath.sh'
[2.635s] Level 1:colcon.colcon_core.environment:checking '/home/jayanth/ros21_ws/install/image_conversion/bin'
[2.635s] Level 1:colcon.colcon_core.environment:create_environment_scripts_only(image_conversion)
[2.636s] INFO:colcon.colcon_core.shell:Creating package script '/home/jayanth/ros21_ws/install/image_conversion/share/image_conversion/package.ps1'
[2.637s] INFO:colcon.colcon_core.shell:Creating package descriptor '/home/jayanth/ros21_ws/install/image_conversion/share/image_conversion/package.dsv'
[2.638s] INFO:colcon.colcon_core.shell:Creating package script '/home/jayanth/ros21_ws/install/image_conversion/share/image_conversion/package.sh'
[2.639s] INFO:colcon.colcon_core.shell:Creating package script '/home/jayanth/ros21_ws/install/image_conversion/share/image_conversion/package.bash'
[2.640s] INFO:colcon.colcon_core.shell:Creating package script '/home/jayanth/ros21_ws/install/image_conversion/share/image_conversion/package.zsh'
[2.641s] Level 1:colcon.colcon_core.environment:create_file_with_runtime_dependencies(/home/jayanth/ros21_ws/install/image_conversion/share/colcon-core/packages/image_conversion)
[2.662s] Level 1:colcon.colcon_core.environment:checking '/home/jayanth/ros21_ws/install/dummy_usb_cam' for CMake module files
[2.663s] DEBUG:colcon.colcon_core.event_handler.log_command:Invoked command in '/home/jayanth/ros21_ws/src/dummy_usb_cam' returned '0': PYTHONPATH=/home/jayanth/ros21_ws/build/dummy_usb_cam/prefix_override:/usr/lib/python3/dist-packages/colcon_core/task/python/colcon_distutils_commands:/home/jayanth/ros21_ws/install/dummy_usb_cam/lib/python3.10/site-packages:${PYTHONPATH} /usr/bin/python3 -W ignore:setup.py install is deprecated -W ignore:easy_install command is deprecated setup.py egg_info --egg-base ../../build/dummy_usb_cam build --build-base /home/jayanth/ros21_ws/build/dummy_usb_cam/build install --record /home/jayanth/ros21_ws/build/dummy_usb_cam/install.log --single-version-externally-managed install_data
[2.663s] Level 1:colcon.colcon_core.environment:checking '/home/jayanth/ros21_ws/install/dummy_usb_cam' for CMake config files
[2.664s] Level 1:colcon.colcon_core.environment:checking '/home/jayanth/ros21_ws/install/dummy_usb_cam/lib'
[2.664s] Level 1:colcon.colcon_core.environment:checking '/home/jayanth/ros21_ws/install/dummy_usb_cam/bin'
[2.664s] Level 1:colcon.colcon_core.environment:checking '/home/jayanth/ros21_ws/install/dummy_usb_cam/lib/pkgconfig/dummy_usb_cam.pc'
[2.665s] Level 1:colcon.colcon_core.environment:checking '/home/jayanth/ros21_ws/install/dummy_usb_cam/lib/python3.10/site-packages'
[2.665s] Level 1:colcon.colcon_core.shell:create_environment_hook('dummy_usb_cam', 'pythonpath')
[2.665s] INFO:colcon.colcon_core.shell:Creating environment hook '/home/jayanth/ros21_ws/install/dummy_usb_cam/share/dummy_usb_cam/hook/pythonpath.ps1'
[2.666s] INFO:colcon.colcon_core.shell:Creating environment descriptor '/home/jayanth/ros21_ws/install/dummy_usb_cam/share/dummy_usb_cam/hook/pythonpath.dsv'
[2.666s] INFO:colcon.colcon_core.shell:Creating environment hook '/home/jayanth/ros21_ws/install/dummy_usb_cam/share/dummy_usb_cam/hook/pythonpath.sh'
[2.667s] Level 1:colcon.colcon_core.environment:checking '/home/jayanth/ros21_ws/install/dummy_usb_cam/bin'
[2.667s] Level 1:colcon.colcon_core.environment:create_environment_scripts_only(dummy_usb_cam)
[2.668s] INFO:colcon.colcon_core.shell:Creating package script '/home/jayanth/ros21_ws/install/dummy_usb_cam/share/dummy_usb_cam/package.ps1'
[2.669s] INFO:colcon.colcon_core.shell:Creating package descriptor '/home/jayanth/ros21_ws/install/dummy_usb_cam/share/dummy_usb_cam/package.dsv'
[2.671s] INFO:colcon.colcon_core.shell:Creating package script '/home/jayanth/ros21_ws/install/dummy_usb_cam/share/dummy_usb_cam/package.sh'
[2.672s] INFO:colcon.colcon_core.shell:Creating package script '/home/jayanth/ros21_ws/install/dummy_usb_cam/share/dummy_usb_cam/package.bash'
[2.673s] INFO:colcon.colcon_core.shell:Creating package script '/home/jayanth/ros21_ws/install/dummy_usb_cam/share/dummy_usb_cam/package.zsh'
[2.674s] Level 1:colcon.colcon_core.environment:create_file_with_runtime_dependencies(/home/jayanth/ros21_ws/install/dummy_usb_cam/share/colcon-core/packages/dummy_usb_cam)
[2.675s] DEBUG:colcon.colcon_parallel_executor.executor.parallel:closing loop
[2.676s] DEBUG:colcon.colcon_parallel_executor.executor.parallel:loop closed
[2.676s] DEBUG:colcon.colcon_parallel_executor.executor.parallel:run_until_complete finished with '0'
[2.676s] DEBUG:colcon.colcon_core.event_reactor:joining thread
[2.683s] INFO:colcon.colcon_core.plugin_system:Skipping extension 'colcon_notification.desktop_notification.terminal_notifier': Not used on non-Darwin systems
[2.683s] INFO:colcon.colcon_core.plugin_system:Skipping extension 'colcon_notification.desktop_notification.win32': Not used on non-Windows systems
[2.683s] INFO:colcon.colcon_notification.desktop_notification:Sending desktop notification using 'notify2'
[2.703s] DEBUG:colcon.colcon_core.event_reactor:joined thread
[2.704s] INFO:colcon.colcon_core.shell:Creating prefix script '/home/jayanth/ros21_ws/install/local_setup.ps1'
[2.706s] INFO:colcon.colcon_core.shell:Creating prefix util module '/home/jayanth/ros21_ws/install/_local_setup_util_ps1.py'
[2.708s] INFO:colcon.colcon_core.shell:Creating prefix chain script '/home/jayanth/ros21_ws/install/setup.ps1'
[2.711s] INFO:colcon.colcon_core.shell:Creating prefix script '/home/jayanth/ros21_ws/install/local_setup.sh'
[2.711s] INFO:colcon.colcon_core.shell:Creating prefix util module '/home/jayanth/ros21_ws/install/_local_setup_util_sh.py'
[2.712s] INFO:colcon.colcon_core.shell:Creating prefix chain script '/home/jayanth/ros21_ws/install/setup.sh'
[2.713s] INFO:colcon.colcon_core.shell:Creating prefix script '/home/jayanth/ros21_ws/install/local_setup.bash'
[2.714s] INFO:colcon.colcon_core.shell:Creating prefix chain script '/home/jayanth/ros21_ws/install/setup.bash'
[2.715s] INFO:colcon.colcon_core.shell:Creating prefix script '/home/jayanth/ros21_ws/install/local_setup.zsh'
[2.715s] INFO:colcon.colcon_core.shell:Creating prefix chain script '/home/jayanth/ros21_ws/install/setup.zsh'
