[0.138s] DEBUG:colcon:Command line arguments: ['/usr/bin/colcon', 'build']
[0.138s] DEBUG:colcon:Parsed command line arguments: Namespace(log_base=None, log_level=None, verb_name='build', build_base='build', install_base='install', merge_install=False, symlink_install=False, test_result_base=None, continue_on_error=False, executor='parallel', parallel_workers=4, event_handlers=None, ignore_user_meta=False, metas=['./colcon.meta'], base_paths=['.'], packages_ignore=None, packages_ignore_regex=None, paths=None, packages_up_to=None, packages_up_to_regex=None, packages_above=None, packages_above_and_dependencies=None, packages_above_depth=None, packages_select_by_dep=None, packages_skip_by_dep=None, packages_skip_up_to=None, packages_select_build_failed=False, packages_skip_build_finished=False, packages_select_test_failures=False, packages_skip_test_passed=False, packages_select=None, packages_skip=None, packages_select_regex=None, packages_skip_regex=None, packages_start=None, packages_end=None, allow_overriding=[], cmake_args=None, cmake_target=None, cmake_target_skip_unavailable=False, cmake_clean_cache=False, cmake_clean_first=False, cmake_force_configure=False, ament_cmake_args=None, catkin_cmake_args=None, catkin_skip_building_tests=False, mixin_files=None, mixin=None, verb_parser=<colcon_mixin.mixin.mixin_argument.MixinArgumentDecorator object at 0x7580a761a9b0>, verb_extension=<colcon_core.verb.build.BuildVerb object at 0x7580a7713970>, main=<bound method BuildVerb.main of <colcon_core.verb.build.BuildVerb object at 0x7580a7713970>>, mixin_verb=('build',))
[0.350s] Level 1:colcon.colcon_core.package_discovery:discover_packages(colcon_meta) check parameters
[0.350s] Level 1:colcon.colcon_core.package_discovery:discover_packages(recursive) check parameters
[0.350s] Level 1:colcon.colcon_core.package_discovery:discover_packages(ignore) check parameters
[0.350s] Level 1:colcon.colcon_core.package_discovery:discover_packages(path) check parameters
[0.350s] Level 1:colcon.colcon_core.package_discovery:discover_packages(colcon_meta) discover
[0.350s] Level 1:colcon.colcon_core.package_discovery:discover_packages(recursive) discover
[0.350s] INFO:colcon.colcon_core.package_discovery:Crawling recursively for packages in '/home/jayanth/ros21_ws'
[0.350s] Level 1:colcon.colcon_core.package_identification:_identify(.) by extensions ['ignore', 'ignore_ament_install']
[0.351s] Level 1:colcon.colcon_core.package_identification:_identify(.) by extension 'ignore'
[0.351s] Level 1:colcon.colcon_core.package_identification:_identify(.) by extension 'ignore_ament_install'
[0.351s] Level 1:colcon.colcon_core.package_identification:_identify(.) by extensions ['colcon_pkg']
[0.351s] Level 1:colcon.colcon_core.package_identification:_identify(.) by extension 'colcon_pkg'
[0.351s] Level 1:colcon.colcon_core.package_identification:_identify(.) by extensions ['colcon_meta']
[0.351s] Level 1:colcon.colcon_core.package_identification:_identify(.) by extension 'colcon_meta'
[0.351s] Level 1:colcon.colcon_core.package_identification:_identify(.) by extensions ['ros']
[0.351s] Level 1:colcon.colcon_core.package_identification:_identify(.) by extension 'ros'
[0.366s] Level 1:colcon.colcon_core.package_identification:_identify(.) by extensions ['cmake', 'python']
[0.366s] Level 1:colcon.colcon_core.package_identification:_identify(.) by extension 'cmake'
[0.366s] Level 1:colcon.colcon_core.package_identification:_identify(.) by extension 'python'
[0.366s] Level 1:colcon.colcon_core.package_identification:_identify(.) by extensions ['python_setup_py']
[0.366s] Level 1:colcon.colcon_core.package_identification:_identify(.) by extension 'python_setup_py'
[0.366s] Level 1:colcon.colcon_core.package_identification:_identify(build) by extensions ['ignore', 'ignore_ament_install']
[0.367s] Level 1:colcon.colcon_core.package_identification:_identify(build) by extension 'ignore'
[0.367s] Level 1:colcon.colcon_core.package_identification:_identify(build) ignored
[0.367s] Level 1:colcon.colcon_core.package_identification:_identify(install) by extensions ['ignore', 'ignore_ament_install']
[0.367s] Level 1:colcon.colcon_core.package_identification:_identify(install) by extension 'ignore'
[0.367s] Level 1:colcon.colcon_core.package_identification:_identify(install) ignored
[0.367s] Level 1:colcon.colcon_core.package_identification:_identify(log) by extensions ['ignore', 'ignore_ament_install']
[0.367s] Level 1:colcon.colcon_core.package_identification:_identify(log) by extension 'ignore'
[0.367s] Level 1:colcon.colcon_core.package_identification:_identify(log) ignored
[0.367s] Level 1:colcon.colcon_core.package_identification:_identify(src) by extensions ['ignore', 'ignore_ament_install']
[0.368s] Level 1:colcon.colcon_core.package_identification:_identify(src) by extension 'ignore'
[0.368s] Level 1:colcon.colcon_core.package_identification:_identify(src) by extension 'ignore_ament_install'
[0.368s] Level 1:colcon.colcon_core.package_identification:_identify(src) by extensions ['colcon_pkg']
[0.368s] Level 1:colcon.colcon_core.package_identification:_identify(src) by extension 'colcon_pkg'
[0.368s] Level 1:colcon.colcon_core.package_identification:_identify(src) by extensions ['colcon_meta']
[0.368s] Level 1:colcon.colcon_core.package_identification:_identify(src) by extension 'colcon_meta'
[0.368s] Level 1:colcon.colcon_core.package_identification:_identify(src) by extensions ['ros']
[0.368s] Level 1:colcon.colcon_core.package_identification:_identify(src) by extension 'ros'
[0.368s] Level 1:colcon.colcon_core.package_identification:_identify(src) by extensions ['cmake', 'python']
[0.368s] Level 1:colcon.colcon_core.package_identification:_identify(src) by extension 'cmake'
[0.368s] Level 1:colcon.colcon_core.package_identification:_identify(src) by extension 'python'
[0.368s] Level 1:colcon.colcon_core.package_identification:_identify(src) by extensions ['python_setup_py']
[0.368s] Level 1:colcon.colcon_core.package_identification:_identify(src) by extension 'python_setup_py'
[0.369s] Level 1:colcon.colcon_core.package_identification:_identify(src/dummy_usb_cam) by extensions ['ignore', 'ignore_ament_install']
[0.369s] Level 1:colcon.colcon_core.package_identification:_identify(src/dummy_usb_cam) by extension 'ignore'
[0.369s] Level 1:colcon.colcon_core.package_identification:_identify(src/dummy_usb_cam) by extension 'ignore_ament_install'
[0.369s] Level 1:colcon.colcon_core.package_identification:_identify(src/dummy_usb_cam) by extensions ['colcon_pkg']
[0.369s] Level 1:colcon.colcon_core.package_identification:_identify(src/dummy_usb_cam) by extension 'colcon_pkg'
[0.369s] Level 1:colcon.colcon_core.package_identification:_identify(src/dummy_usb_cam) by extensions ['colcon_meta']
[0.369s] Level 1:colcon.colcon_core.package_identification:_identify(src/dummy_usb_cam) by extension 'colcon_meta'
[0.369s] Level 1:colcon.colcon_core.package_identification:_identify(src/dummy_usb_cam) by extensions ['ros']
[0.369s] Level 1:colcon.colcon_core.package_identification:_identify(src/dummy_usb_cam) by extension 'ros'
[0.385s] DEBUG:colcon.colcon_core.package_identification:Package 'src/dummy_usb_cam' with type 'ros.ament_python' and name 'dummy_usb_cam'
[0.385s] Level 1:colcon.colcon_core.package_identification:_identify(src/image_conversion) by extensions ['ignore', 'ignore_ament_install']
[0.386s] Level 1:colcon.colcon_core.package_identification:_identify(src/image_conversion) by extension 'ignore'
[0.386s] Level 1:colcon.colcon_core.package_identification:_identify(src/image_conversion) by extension 'ignore_ament_install'
[0.386s] Level 1:colcon.colcon_core.package_identification:_identify(src/image_conversion) by extensions ['colcon_pkg']
[0.386s] Level 1:colcon.colcon_core.package_identification:_identify(src/image_conversion) by extension 'colcon_pkg'
[0.386s] Level 1:colcon.colcon_core.package_identification:_identify(src/image_conversion) by extensions ['colcon_meta']
[0.386s] Level 1:colcon.colcon_core.package_identification:_identify(src/image_conversion) by extension 'colcon_meta'
[0.386s] Level 1:colcon.colcon_core.package_identification:_identify(src/image_conversion) by extensions ['ros']
[0.386s] Level 1:colcon.colcon_core.package_identification:_identify(src/image_conversion) by extension 'ros'
[0.387s] DEBUG:colcon.colcon_core.package_identification:Package 'src/image_conversion' with type 'ros.ament_python' and name 'image_conversion'
[0.387s] Level 1:colcon.colcon_core.package_discovery:discover_packages(recursive) using defaults
[0.387s] Level 1:colcon.colcon_core.package_discovery:discover_packages(ignore) discover
[0.387s] Level 1:colcon.colcon_core.package_discovery:discover_packages(ignore) using defaults
[0.387s] Level 1:colcon.colcon_core.package_discovery:discover_packages(path) discover
[0.387s] Level 1:colcon.colcon_core.package_discovery:discover_packages(path) using defaults
[0.411s] Level 1:colcon.colcon_core.package_discovery:discover_packages(prefix_path) check parameters
[0.411s] Level 1:colcon.colcon_core.package_discovery:discover_packages(prefix_path) discover
[0.415s] DEBUG:colcon.colcon_installed_package_information.package_discovery:Found 367 installed packages in /opt/ros/humble
[0.417s] Level 1:colcon.colcon_core.package_discovery:discover_packages(prefix_path) using defaults
[0.469s] Level 5:colcon.colcon_core.verb:set package 'dummy_usb_cam' build argument 'cmake_args' from command line to 'None'
[0.470s] Level 5:colcon.colcon_core.verb:set package 'dummy_usb_cam' build argument 'cmake_target' from command line to 'None'
[0.470s] Level 5:colcon.colcon_core.verb:set package 'dummy_usb_cam' build argument 'cmake_target_skip_unavailable' from command line to 'False'
[0.470s] Level 5:colcon.colcon_core.verb:set package 'dummy_usb_cam' build argument 'cmake_clean_cache' from command line to 'False'
[0.470s] Level 5:colcon.colcon_core.verb:set package 'dummy_usb_cam' build argument 'cmake_clean_first' from command line to 'False'
[0.470s] Level 5:colcon.colcon_core.verb:set package 'dummy_usb_cam' build argument 'cmake_force_configure' from command line to 'False'
[0.470s] Level 5:colcon.colcon_core.verb:set package 'dummy_usb_cam' build argument 'ament_cmake_args' from command line to 'None'
[0.470s] Level 5:colcon.colcon_core.verb:set package 'dummy_usb_cam' build argument 'catkin_cmake_args' from command line to 'None'
[0.470s] Level 5:colcon.colcon_core.verb:set package 'dummy_usb_cam' build argument 'catkin_skip_building_tests' from command line to 'False'
[0.470s] DEBUG:colcon.colcon_core.verb:Building package 'dummy_usb_cam' with the following arguments: {'ament_cmake_args': None, 'build_base': '/home/jayanth/ros21_ws/build/dummy_usb_cam', 'catkin_cmake_args': None, 'catkin_skip_building_tests': False, 'cmake_args': None, 'cmake_clean_cache': False, 'cmake_clean_first': False, 'cmake_force_configure': False, 'cmake_target': None, 'cmake_target_skip_unavailable': False, 'install_base': '/home/jayanth/ros21_ws/install/dummy_usb_cam', 'merge_install': False, 'path': '/home/jayanth/ros21_ws/src/dummy_usb_cam', 'symlink_install': False, 'test_result_base': None}
[0.470s] Level 5:colcon.colcon_core.verb:set package 'image_conversion' build argument 'cmake_args' from command line to 'None'
[0.471s] Level 5:colcon.colcon_core.verb:set package 'image_conversion' build argument 'cmake_target' from command line to 'None'
[0.471s] Level 5:colcon.colcon_core.verb:set package 'image_conversion' build argument 'cmake_target_skip_unavailable' from command line to 'False'
[0.471s] Level 5:colcon.colcon_core.verb:set package 'image_conversion' build argument 'cmake_clean_cache' from command line to 'False'
[0.471s] Level 5:colcon.colcon_core.verb:set package 'image_conversion' build argument 'cmake_clean_first' from command line to 'False'
[0.471s] Level 5:colcon.colcon_core.verb:set package 'image_conversion' build argument 'cmake_force_configure' from command line to 'False'
[0.471s] Level 5:colcon.colcon_core.verb:set package 'image_conversion' build argument 'ament_cmake_args' from command line to 'None'
[0.471s] Level 5:colcon.colcon_core.verb:set package 'image_conversion' build argument 'catkin_cmake_args' from command line to 'None'
[0.471s] Level 5:colcon.colcon_core.verb:set package 'image_conversion' build argument 'catkin_skip_building_tests' from command line to 'False'
[0.471s] DEBUG:colcon.colcon_core.verb:Building package 'image_conversion' with the following arguments: {'ament_cmake_args': None, 'build_base': '/home/jayanth/ros21_ws/build/image_conversion', 'catkin_cmake_args': None, 'catkin_skip_building_tests': False, 'cmake_args': None, 'cmake_clean_cache': False, 'cmake_clean_first': False, 'cmake_force_configure': False, 'cmake_target': None, 'cmake_target_skip_unavailable': False, 'install_base': '/home/jayanth/ros21_ws/install/image_conversion', 'merge_install': False, 'path': '/home/jayanth/ros21_ws/src/image_conversion', 'symlink_install': False, 'test_result_base': None}
[0.471s] INFO:colcon.colcon_core.executor:Executing jobs using 'parallel' executor
[0.472s] DEBUG:colcon.colcon_parallel_executor.executor.parallel:run_until_complete
[0.473s] INFO:colcon.colcon_ros.task.ament_python.build:Building ROS package in '/home/jayanth/ros21_ws/src/dummy_usb_cam' with build type 'ament_python'
[0.473s] Level 1:colcon.colcon_core.shell:create_environment_hook('dummy_usb_cam', 'ament_prefix_path')
[0.475s] INFO:colcon.colcon_core.plugin_system:Skipping extension 'colcon_core.shell.bat': Not used on non-Windows systems
[0.475s] INFO:colcon.colcon_core.shell:Creating environment hook '/home/jayanth/ros21_ws/install/dummy_usb_cam/share/dummy_usb_cam/hook/ament_prefix_path.ps1'
[0.476s] INFO:colcon.colcon_core.shell:Creating environment descriptor '/home/jayanth/ros21_ws/install/dummy_usb_cam/share/dummy_usb_cam/hook/ament_prefix_path.dsv'
[0.477s] INFO:colcon.colcon_core.shell:Creating environment hook '/home/jayanth/ros21_ws/install/dummy_usb_cam/share/dummy_usb_cam/hook/ament_prefix_path.sh'
[0.479s] INFO:colcon.colcon_core.shell:Skip shell extension 'powershell' for command environment: Not usable outside of PowerShell
[0.479s] DEBUG:colcon.colcon_core.shell:Skip shell extension 'dsv' for command environment
[0.483s] INFO:colcon.colcon_ros.task.ament_python.build:Building ROS package in '/home/jayanth/ros21_ws/src/image_conversion' with build type 'ament_python'
[0.483s] Level 1:colcon.colcon_core.shell:create_environment_hook('image_conversion', 'ament_prefix_path')
[0.483s] INFO:colcon.colcon_core.shell:Creating environment hook '/home/jayanth/ros21_ws/install/image_conversion/share/image_conversion/hook/ament_prefix_path.ps1'
[0.485s] INFO:colcon.colcon_core.shell:Creating environment descriptor '/home/jayanth/ros21_ws/install/image_conversion/share/image_conversion/hook/ament_prefix_path.dsv'
[0.485s] INFO:colcon.colcon_core.shell:Creating environment hook '/home/jayanth/ros21_ws/install/image_conversion/share/image_conversion/hook/ament_prefix_path.sh'
[0.486s] INFO:colcon.colcon_core.shell:Skip shell extension 'powershell' for command environment: Not usable outside of PowerShell
[0.486s] DEBUG:colcon.colcon_core.shell:Skip shell extension 'dsv' for command environment
[0.866s] INFO:colcon.colcon_core.task.python.build:Building Python package in '/home/jayanth/ros21_ws/src/dummy_usb_cam'
[0.867s] INFO:colcon.colcon_core.shell:Skip shell extension 'powershell' for command environment: Not usable outside of PowerShell
[0.867s] DEBUG:colcon.colcon_core.shell:Skip shell extension 'dsv' for command environment
[1.208s] INFO:colcon.colcon_core.task.python.build:Building Python package in '/home/jayanth/ros21_ws/src/image_conversion'
[1.208s] INFO:colcon.colcon_core.shell:Skip shell extension 'powershell' for command environment: Not usable outside of PowerShell
[1.208s] DEBUG:colcon.colcon_core.shell:Skip shell extension 'dsv' for command environment
[1.729s] DEBUG:colcon.colcon_core.event_handler.log_command:Invoking command in '/home/jayanth/ros21_ws/src/image_conversion': PYTHONPATH=/home/jayanth/ros21_ws/build/image_conversion/prefix_override:/usr/lib/python3/dist-packages/colcon_core/task/python/colcon_distutils_commands:/home/jayanth/ros21_ws/install/image_conversion/lib/python3.10/site-packages:${PYTHONPATH} /usr/bin/python3 -W ignore:setup.py install is deprecated -W ignore:easy_install command is deprecated setup.py egg_info --egg-base ../../build/image_conversion build --build-base /home/jayanth/ros21_ws/build/image_conversion/build install --record /home/jayanth/ros21_ws/build/image_conversion/install.log --single-version-externally-managed install_data
[1.801s] DEBUG:colcon.colcon_core.event_handler.log_command:Invoking command in '/home/jayanth/ros21_ws/src/dummy_usb_cam': PYTHONPATH=/home/jayanth/ros21_ws/build/dummy_usb_cam/prefix_override:/usr/lib/python3/dist-packages/colcon_core/task/python/colcon_distutils_commands:/home/jayanth/ros21_ws/install/dummy_usb_cam/lib/python3.10/site-packages:${PYTHONPATH} /usr/bin/python3 -W ignore:setup.py install is deprecated -W ignore:easy_install command is deprecated setup.py egg_info --egg-base ../../build/dummy_usb_cam build --build-base /home/jayanth/ros21_ws/build/dummy_usb_cam/build install --record /home/jayanth/ros21_ws/build/dummy_usb_cam/install.log --single-version-externally-managed install_data
[2.194s] DEBUG:colcon.colcon_core.event_handler.log_command:Invoked command in '/home/jayanth/ros21_ws/src/image_conversion' returned '0': PYTHONPATH=/home/jayanth/ros21_ws/build/image_conversion/prefix_override:/usr/lib/python3/dist-packages/colcon_core/task/python/colcon_distutils_commands:/home/jayanth/ros21_ws/install/image_conversion/lib/python3.10/site-packages:${PYTHONPATH} /usr/bin/python3 -W ignore:setup.py install is deprecated -W ignore:easy_install command is deprecated setup.py egg_info --egg-base ../../build/image_conversion build --build-base /home/jayanth/ros21_ws/build/image_conversion/build install --record /home/jayanth/ros21_ws/build/image_conversion/install.log --single-version-externally-managed install_data
[2.197s] Level 1:colcon.colcon_core.environment:checking '/home/jayanth/ros21_ws/install/image_conversion' for CMake module files
[2.198s] Level 1:colcon.colcon_core.environment:checking '/home/jayanth/ros21_ws/install/image_conversion' for CMake config files
[2.199s] Level 1:colcon.colcon_core.environment:checking '/home/jayanth/ros21_ws/install/image_conversion/lib'
[2.199s] Level 1:colcon.colcon_core.environment:checking '/home/jayanth/ros21_ws/install/image_conversion/bin'
[2.199s] Level 1:colcon.colcon_core.environment:checking '/home/jayanth/ros21_ws/install/image_conversion/lib/pkgconfig/image_conversion.pc'
[2.199s] Level 1:colcon.colcon_core.environment:checking '/home/jayanth/ros21_ws/install/image_conversion/lib/python3.10/site-packages'
[2.199s] Level 1:colcon.colcon_core.shell:create_environment_hook('image_conversion', 'pythonpath')
[2.200s] INFO:colcon.colcon_core.shell:Creating environment hook '/home/jayanth/ros21_ws/install/image_conversion/share/image_conversion/hook/pythonpath.ps1'
[2.200s] INFO:colcon.colcon_core.shell:Creating environment descriptor '/home/jayanth/ros21_ws/install/image_conversion/share/image_conversion/hook/pythonpath.dsv'
[2.201s] INFO:colcon.colcon_core.shell:Creating environment hook '/home/jayanth/ros21_ws/install/image_conversion/share/image_conversion/hook/pythonpath.sh'
[2.202s] Level 1:colcon.colcon_core.environment:checking '/home/jayanth/ros21_ws/install/image_conversion/bin'
[2.202s] Level 1:colcon.colcon_core.environment:create_environment_scripts_only(image_conversion)
[2.202s] INFO:colcon.colcon_core.shell:Creating package script '/home/jayanth/ros21_ws/install/image_conversion/share/image_conversion/package.ps1'
[2.204s] INFO:colcon.colcon_core.shell:Creating package descriptor '/home/jayanth/ros21_ws/install/image_conversion/share/image_conversion/package.dsv'
[2.205s] INFO:colcon.colcon_core.shell:Creating package script '/home/jayanth/ros21_ws/install/image_conversion/share/image_conversion/package.sh'
[2.206s] INFO:colcon.colcon_core.shell:Creating package script '/home/jayanth/ros21_ws/install/image_conversion/share/image_conversion/package.bash'
[2.207s] INFO:colcon.colcon_core.shell:Creating package script '/home/jayanth/ros21_ws/install/image_conversion/share/image_conversion/package.zsh'
[2.208s] Level 1:colcon.colcon_core.environment:create_file_with_runtime_dependencies(/home/jayanth/ros21_ws/install/image_conversion/share/colcon-core/packages/image_conversion)
[2.266s] Level 1:colcon.colcon_core.environment:checking '/home/jayanth/ros21_ws/install/dummy_usb_cam' for CMake module files
[2.267s] DEBUG:colcon.colcon_core.event_handler.log_command:Invoked command in '/home/jayanth/ros21_ws/src/dummy_usb_cam' returned '0': PYTHONPATH=/home/jayanth/ros21_ws/build/dummy_usb_cam/prefix_override:/usr/lib/python3/dist-packages/colcon_core/task/python/colcon_distutils_commands:/home/jayanth/ros21_ws/install/dummy_usb_cam/lib/python3.10/site-packages:${PYTHONPATH} /usr/bin/python3 -W ignore:setup.py install is deprecated -W ignore:easy_install command is deprecated setup.py egg_info --egg-base ../../build/dummy_usb_cam build --build-base /home/jayanth/ros21_ws/build/dummy_usb_cam/build install --record /home/jayanth/ros21_ws/build/dummy_usb_cam/install.log --single-version-externally-managed install_data
[2.268s] Level 1:colcon.colcon_core.environment:checking '/home/jayanth/ros21_ws/install/dummy_usb_cam' for CMake config files
[2.268s] Level 1:colcon.colcon_core.environment:checking '/home/jayanth/ros21_ws/install/dummy_usb_cam/lib'
[2.268s] Level 1:colcon.colcon_core.environment:checking '/home/jayanth/ros21_ws/install/dummy_usb_cam/bin'
[2.269s] Level 1:colcon.colcon_core.environment:checking '/home/jayanth/ros21_ws/install/dummy_usb_cam/lib/pkgconfig/dummy_usb_cam.pc'
[2.269s] Level 1:colcon.colcon_core.environment:checking '/home/jayanth/ros21_ws/install/dummy_usb_cam/lib/python3.10/site-packages'
[2.269s] Level 1:colcon.colcon_core.shell:create_environment_hook('dummy_usb_cam', 'pythonpath')
[2.270s] INFO:colcon.colcon_core.shell:Creating environment hook '/home/jayanth/ros21_ws/install/dummy_usb_cam/share/dummy_usb_cam/hook/pythonpath.ps1'
[2.270s] INFO:colcon.colcon_core.shell:Creating environment descriptor '/home/jayanth/ros21_ws/install/dummy_usb_cam/share/dummy_usb_cam/hook/pythonpath.dsv'
[2.271s] INFO:colcon.colcon_core.shell:Creating environment hook '/home/jayanth/ros21_ws/install/dummy_usb_cam/share/dummy_usb_cam/hook/pythonpath.sh'
[2.272s] Level 1:colcon.colcon_core.environment:checking '/home/jayanth/ros21_ws/install/dummy_usb_cam/bin'
[2.272s] Level 1:colcon.colcon_core.environment:create_environment_scripts_only(dummy_usb_cam)
[2.272s] INFO:colcon.colcon_core.shell:Creating package script '/home/jayanth/ros21_ws/install/dummy_usb_cam/share/dummy_usb_cam/package.ps1'
[2.273s] INFO:colcon.colcon_core.shell:Creating package descriptor '/home/jayanth/ros21_ws/install/dummy_usb_cam/share/dummy_usb_cam/package.dsv'
[2.273s] INFO:colcon.colcon_core.shell:Creating package script '/home/jayanth/ros21_ws/install/dummy_usb_cam/share/dummy_usb_cam/package.sh'
[2.274s] INFO:colcon.colcon_core.shell:Creating package script '/home/jayanth/ros21_ws/install/dummy_usb_cam/share/dummy_usb_cam/package.bash'
[2.274s] INFO:colcon.colcon_core.shell:Creating package script '/home/jayanth/ros21_ws/install/dummy_usb_cam/share/dummy_usb_cam/package.zsh'
[2.275s] Level 1:colcon.colcon_core.environment:create_file_with_runtime_dependencies(/home/jayanth/ros21_ws/install/dummy_usb_cam/share/colcon-core/packages/dummy_usb_cam)
[2.275s] DEBUG:colcon.colcon_parallel_executor.executor.parallel:closing loop
[2.276s] DEBUG:colcon.colcon_parallel_executor.executor.parallel:loop closed
[2.276s] DEBUG:colcon.colcon_parallel_executor.executor.parallel:run_until_complete finished with '0'
[2.276s] DEBUG:colcon.colcon_core.event_reactor:joining thread
[2.284s] INFO:colcon.colcon_core.plugin_system:Skipping extension 'colcon_notification.desktop_notification.terminal_notifier': Not used on non-Darwin systems
[2.284s] INFO:colcon.colcon_core.plugin_system:Skipping extension 'colcon_notification.desktop_notification.win32': Not used on non-Windows systems
[2.284s] INFO:colcon.colcon_notification.desktop_notification:Sending desktop notification using 'notify2'
[2.300s] DEBUG:colcon.colcon_core.event_reactor:joined thread
[2.301s] INFO:colcon.colcon_core.shell:Creating prefix script '/home/jayanth/ros21_ws/install/local_setup.ps1'
[2.302s] INFO:colcon.colcon_core.shell:Creating prefix util module '/home/jayanth/ros21_ws/install/_local_setup_util_ps1.py'
[2.304s] INFO:colcon.colcon_core.shell:Creating prefix chain script '/home/jayanth/ros21_ws/install/setup.ps1'
[2.307s] INFO:colcon.colcon_core.shell:Creating prefix script '/home/jayanth/ros21_ws/install/local_setup.sh'
[2.307s] INFO:colcon.colcon_core.shell:Creating prefix util module '/home/jayanth/ros21_ws/install/_local_setup_util_sh.py'
[2.308s] INFO:colcon.colcon_core.shell:Creating prefix chain script '/home/jayanth/ros21_ws/install/setup.sh'
[2.310s] INFO:colcon.colcon_core.shell:Creating prefix script '/home/jayanth/ros21_ws/install/local_setup.bash'
[2.311s] INFO:colcon.colcon_core.shell:Creating prefix chain script '/home/jayanth/ros21_ws/install/setup.bash'
[2.313s] INFO:colcon.colcon_core.shell:Creating prefix script '/home/jayanth/ros21_ws/install/local_setup.zsh'
[2.314s] INFO:colcon.colcon_core.shell:Creating prefix chain script '/home/jayanth/ros21_ws/install/setup.zsh'
