[1.063s] Invoking command in '/home/jayanth/ros21_ws/src/image_conversion': PYTHONPATH=/home/jayanth/ros21_ws/build/image_conversion/prefix_override:/usr/lib/python3/dist-packages/colcon_core/task/python/colcon_distutils_commands:/home/jayanth/ros21_ws/install/image_conversion/lib/python3.10/site-packages:${PYTHONPATH} /usr/bin/python3 -W ignore:setup.py install is deprecated -W ignore:easy_install command is deprecated setup.py egg_info --egg-base ../../build/image_conversion build --build-base /home/jayanth/ros21_ws/build/image_conversion/build install --record /home/jayanth/ros21_ws/build/image_conversion/install.log --single-version-externally-managed install_data
[1.359s] running egg_info
[1.360s] writing ../../build/image_conversion/image_conversion.egg-info/PKG-INFO
[1.360s] writing dependency_links to ../../build/image_conversion/image_conversion.egg-info/dependency_links.txt
[1.361s] writing entry points to ../../build/image_conversion/image_conversion.egg-info/entry_points.txt
[1.361s] writing requirements to ../../build/image_conversion/image_conversion.egg-info/requires.txt
[1.361s] writing top-level names to ../../build/image_conversion/image_conversion.egg-info/top_level.txt
[1.363s] reading manifest file '../../build/image_conversion/image_conversion.egg-info/SOURCES.txt'
[1.365s] writing manifest file '../../build/image_conversion/image_conversion.egg-info/SOURCES.txt'
[1.365s] running build
[1.365s] running build_py
[1.365s] running install
[1.366s] running install_lib
[1.367s] running install_data
[1.367s] creating /home/jayanth/ros21_ws/install/image_conversion/share/image_conversion/launch
[1.368s] copying launch/image_conversion_with_dummy.launch.py -> /home/jayanth/ros21_ws/install/image_conversion/share/image_conversion/launch
[1.368s] running install_egg_info
[1.370s] removing '/home/jayanth/ros21_ws/install/image_conversion/lib/python3.10/site-packages/image_conversion-0.0.0-py3.10.egg-info' (and everything under it)
[1.370s] Copying ../../build/image_conversion/image_conversion.egg-info to /home/jayanth/ros21_ws/install/image_conversion/lib/python3.10/site-packages/image_conversion-0.0.0-py3.10.egg-info
[1.371s] running install_scripts
[1.397s] Installing image_conversion script to /home/jayanth/ros21_ws/install/image_conversion/lib/image_conversion
[1.397s] writing list of installed files to '/home/jayanth/ros21_ws/build/image_conversion/install.log'
[1.438s] Invoked command in '/home/jayanth/ros21_ws/src/image_conversion' returned '0': PYTHONPATH=/home/jayanth/ros21_ws/build/image_conversion/prefix_override:/usr/lib/python3/dist-packages/colcon_core/task/python/colcon_distutils_commands:/home/jayanth/ros21_ws/install/image_conversion/lib/python3.10/site-packages:${PYTHONPATH} /usr/bin/python3 -W ignore:setup.py install is deprecated -W ignore:easy_install command is deprecated setup.py egg_info --egg-base ../../build/image_conversion build --build-base /home/jayanth/ros21_ws/build/image_conversion/build install --record /home/jayanth/ros21_ws/build/image_conversion/install.log --single-version-externally-managed install_data
