[1.492s] Invoking command in '/home/jayanth/ros21_ws/src/dummy_usb_cam': PYTHONPATH=/home/jayanth/ros21_ws/build/dummy_usb_cam/prefix_override:/usr/lib/python3/dist-packages/colcon_core/task/python/colcon_distutils_commands:/home/jayanth/ros21_ws/install/dummy_usb_cam/lib/python3.10/site-packages:${PYTHONPATH} /usr/bin/python3 -W ignore:setup.py install is deprecated -W ignore:easy_install command is deprecated setup.py egg_info --egg-base ../../build/dummy_usb_cam build --build-base /home/jayanth/ros21_ws/build/dummy_usb_cam/build install --record /home/jayanth/ros21_ws/build/dummy_usb_cam/install.log --single-version-externally-managed install_data
[2.022s] running egg_info
[2.023s] writing ../../build/dummy_usb_cam/dummy_usb_cam.egg-info/PKG-INFO
[2.023s] writing dependency_links to ../../build/dummy_usb_cam/dummy_usb_cam.egg-info/dependency_links.txt
[2.023s] writing entry points to ../../build/dummy_usb_cam/dummy_usb_cam.egg-info/entry_points.txt
[2.024s] writing requirements to ../../build/dummy_usb_cam/dummy_usb_cam.egg-info/requires.txt
[2.024s] writing top-level names to ../../build/dummy_usb_cam/dummy_usb_cam.egg-info/top_level.txt
[2.027s] reading manifest file '../../build/dummy_usb_cam/dummy_usb_cam.egg-info/SOURCES.txt'
[2.030s] writing manifest file '../../build/dummy_usb_cam/dummy_usb_cam.egg-info/SOURCES.txt'
[2.031s] running build
[2.031s] running build_py
[2.031s] copying dummy_usb_cam/dummy_usb_cam.py -> /home/jayanth/ros21_ws/build/dummy_usb_cam/build/lib/dummy_usb_cam
[2.031s] running install
[2.031s] running install_lib
[2.033s] copying /home/jayanth/ros21_ws/build/dummy_usb_cam/build/lib/dummy_usb_cam/dummy_usb_cam.py -> /home/jayanth/ros21_ws/install/dummy_usb_cam/lib/python3.10/site-packages/dummy_usb_cam
[2.033s] byte-compiling /home/jayanth/ros21_ws/install/dummy_usb_cam/lib/python3.10/site-packages/dummy_usb_cam/dummy_usb_cam.py to dummy_usb_cam.cpython-310.pyc
[2.034s] running install_data
[2.035s] running install_egg_info
[2.041s] removing '/home/jayanth/ros21_ws/install/dummy_usb_cam/lib/python3.10/site-packages/dummy_usb_cam-0.0.0-py3.10.egg-info' (and everything under it)
[2.042s] Copying ../../build/dummy_usb_cam/dummy_usb_cam.egg-info to /home/jayanth/ros21_ws/install/dummy_usb_cam/lib/python3.10/site-packages/dummy_usb_cam-0.0.0-py3.10.egg-info
[2.043s] running install_scripts
[2.089s] Installing dummy_usb_cam script to /home/jayanth/ros21_ws/install/dummy_usb_cam/lib/dummy_usb_cam
[2.090s] writing list of installed files to '/home/jayanth/ros21_ws/build/dummy_usb_cam/install.log'
[2.144s] Invoked command in '/home/jayanth/ros21_ws/src/dummy_usb_cam' returned '0': PYTHONPATH=/home/jayanth/ros21_ws/build/dummy_usb_cam/prefix_override:/usr/lib/python3/dist-packages/colcon_core/task/python/colcon_distutils_commands:/home/jayanth/ros21_ws/install/dummy_usb_cam/lib/python3.10/site-packages:${PYTHONPATH} /usr/bin/python3 -W ignore:setup.py install is deprecated -W ignore:easy_install command is deprecated setup.py egg_info --egg-base ../../build/dummy_usb_cam build --build-base /home/jayanth/ros21_ws/build/dummy_usb_cam/build install --record /home/jayanth/ros21_ws/build/dummy_usb_cam/install.log --single-version-externally-managed install_data
