[1.448s] Invoking command in '/home/jayanth/ros21_ws/src/image_conversion': PYTHONPATH=/home/jayanth/ros21_ws/build/image_conversion/prefix_override:/usr/lib/python3/dist-packages/colcon_core/task/python/colcon_distutils_commands:/home/jayanth/ros21_ws/install/image_conversion/lib/python3.10/site-packages:${PYTHONPATH} /usr/bin/python3 -W ignore:setup.py install is deprecated -W ignore:easy_install command is deprecated setup.py egg_info --egg-base ../../build/image_conversion build --build-base /home/jayanth/ros21_ws/build/image_conversion/build install --record /home/jayanth/ros21_ws/build/image_conversion/install.log --single-version-externally-managed install_data
[1.964s] running egg_info
[1.967s] writing ../../build/image_conversion/image_conversion.egg-info/PKG-INFO
[1.967s] writing dependency_links to ../../build/image_conversion/image_conversion.egg-info/dependency_links.txt
[1.967s] writing entry points to ../../build/image_conversion/image_conversion.egg-info/entry_points.txt
[1.967s] writing requirements to ../../build/image_conversion/image_conversion.egg-info/requires.txt
[1.967s] writing top-level names to ../../build/image_conversion/image_conversion.egg-info/top_level.txt
[1.969s] reading manifest file '../../build/image_conversion/image_conversion.egg-info/SOURCES.txt'
[1.971s] writing manifest file '../../build/image_conversion/image_conversion.egg-info/SOURCES.txt'
[1.971s] running build
[1.971s] running build_py
[1.971s] running install
[1.972s] running install_lib
[1.974s] running install_data
[1.974s] running install_egg_info
[1.977s] removing '/home/jayanth/ros21_ws/install/image_conversion/lib/python3.10/site-packages/image_conversion-0.0.0-py3.10.egg-info' (and everything under it)
[1.978s] Copying ../../build/image_conversion/image_conversion.egg-info to /home/jayanth/ros21_ws/install/image_conversion/lib/python3.10/site-packages/image_conversion-0.0.0-py3.10.egg-info
[1.979s] running install_scripts
[2.021s] Installing image_conversion script to /home/jayanth/ros21_ws/install/image_conversion/lib/image_conversion
[2.022s] writing list of installed files to '/home/jayanth/ros21_ws/build/image_conversion/install.log'
[2.087s] Invoked command in '/home/jayanth/ros21_ws/src/image_conversion' returned '0': PYTHONPATH=/home/jayanth/ros21_ws/build/image_conversion/prefix_override:/usr/lib/python3/dist-packages/colcon_core/task/python/colcon_distutils_commands:/home/jayanth/ros21_ws/install/image_conversion/lib/python3.10/site-packages:${PYTHONPATH} /usr/bin/python3 -W ignore:setup.py install is deprecated -W ignore:easy_install command is deprecated setup.py egg_info --egg-base ../../build/image_conversion build --build-base /home/jayanth/ros21_ws/build/image_conversion/build install --record /home/jayanth/ros21_ws/build/image_conversion/install.log --single-version-externally-managed install_data
